Starting up http-server, serving ./

http-server version: 14.1.1

http-server settings: 
CORS: disabled
Cache: 3600 seconds
Connection Timeout: 120 seconds
Directory Listings: visible
AutoIndex: visible
Serve GZIP Files: false
Serve Brotli Files: false
Default File Extension: none

Available on:
  http://192.168.117.14:4147
  http://192.168.1.4:4147
  http://127.0.0.1:4147
Hit CTRL-C to stop the server


    at emitErrorNT (node:net:1920:8)
    at process.processTicksAndRejections (node:internal/process/task_queues:82:21) {
  code: 'EADDRINUSE',
  errno: -4091,
  syscall: 'listen',
  address: '0.0.0.0',
  port: 4147
}

Node.js v21.6.0
aTestedHTML.html" "Mozilla/5.0 (compatible; LinkChecker/10.4.0; +https://linkchecker.github.io/linkchecker/)"
